<?xml version="1.0" encoding="UTF-8"?>
<!-- Generated by org.testng.reporters.JUnitXMLReporter -->
<testsuite ignored="0" hostname="AARIZ" failures="0" tests="7" name="Default test" time="61.071" errors="0" timestamp="2025-09-13T19:56:47 IST">
  <testcase classname="selenium_mock.FacebookLogin" name="loginFacebook" time="17.214"/>
  <testcase classname="selenium_mock.FacebookLogin" name="loginFacebook" time="7.219"/>
  <testcase classname="selenium_mock.FacebookLogin" name="loginFacebook" time="7.164"/>
  <testcase classname="selenium_mock.FacebookLogin" name="loginFacebook" time="7.346"/>
  <testcase classname="selenium_mock.FacebookLogin" name="loginFacebook" time="7.46"/>
  <testcase classname="selenium_mock.FacebookLogin" name="loginFacebook" time="7.315"/>
  <testcase classname="selenium_mock.FacebookLogin" name="loginFacebook" time="7.272"/>
</testsuite> <!-- Default test -->
